Figwheel: focusing on build-ids (dev)
[0mCompiling "resources/public/js/compiled/app.js" from ["src/cljs"]...
[32mSuccessfully compiled "resources/public/js/compiled/app.js" in 0.278 seconds.[0m
notifying browser that file changed:  resources/public/js/compiled/out/goog/deps.js
notifying browser that file changed:  resources/public/js/compiled/out/cljs_deps.js
notifying browser that file changed:  /kurssisuoritukset/core.js
[0mCompiling "resources/public/js/compiled/app.js" from ["src/cljs"]...
[32mSuccessfully compiled "resources/public/js/compiled/app.js" in 0.324 seconds.[0m
notifying browser that file changed:  /kurssisuoritukset/core.js
Figwheel: focusing on build-ids (dev)
[0mCompiling "resources/public/js/compiled/app.js" from ["src/cljs"]...
[32mSuccessfully compiled "resources/public/js/compiled/app.js" in 0.27 seconds.[0m
notifying browser that file changed:  resources/public/js/compiled/out/goog/deps.js
notifying browser that file changed:  resources/public/js/compiled/out/cljs_deps.js
notifying browser that file changed:  /kurssisuoritukset/core.js
[0mCompiling "resources/public/js/compiled/app.js" from ["src/cljs"]...
[32mSuccessfully compiled "resources/public/js/compiled/app.js" in 0.238 seconds.[0m
notifying browser that file changed:  /kurssisuoritukset/core.js
[0mCompiling "resources/public/js/compiled/app.js" from ["src/cljs"]...
WARNING: Use of undeclared Var kurssisuoritukset.core/page at line 15 src/cljs/kurssisuoritukset/core.cljs
[32mSuccessfully compiled "resources/public/js/compiled/app.js" in 0.412 seconds.[0m
notifying browser that file changed:  resources/public/js/compiled/out/cljs_deps.js
notifying browser that file changed:  /kurssisuoritukset/core.js
[0mCompiling "resources/public/js/compiled/app.js" from ["src/cljs"]...
[32mSuccessfully compiled "resources/public/js/compiled/app.js" in 0.395 seconds.[0m
notifying browser that file changed:  resources/public/js/compiled/out/cljs_deps.js
notifying browser that file changed:  /kurssisuoritukset/core.js
[0mCompiling "resources/public/js/compiled/app.js" from ["src/cljs"]...
[32mSuccessfully compiled "resources/public/js/compiled/app.js" in 0.292 seconds.[0m
notifying browser that file changed:  /kurssisuoritukset/core.js
[0mCompiling "resources/public/js/compiled/app.js" from ["src/cljs"]...
[32mSuccessfully compiled "resources/public/js/compiled/app.js" in 0.19 seconds.[0m
notifying browser that file changed:  /kurssisuoritukset/core.js
[0mCompiling "resources/public/js/compiled/app.js" from ["src/cljs"]...
[32mSuccessfully compiled "resources/public/js/compiled/app.js" in 0.271 seconds.[0m
notifying browser that file changed:  /kurssisuoritukset/core.js
[0mCompiling "resources/public/js/compiled/app.js" from ["src/cljs"]...
[32mSuccessfully compiled "resources/public/js/compiled/app.js" in 0.187 seconds.[0m
notifying browser that file changed:  /kurssisuoritukset/core.js
[0mCompiling "resources/public/js/compiled/app.js" from ["src/cljs"]...
[32mSuccessfully compiled "resources/public/js/compiled/app.js" in 0.321 seconds.[0m
notifying browser that file changed:  /kurssisuoritukset/core.js
[0mCompiling "resources/public/js/compiled/app.js" from ["src/cljs"]...
[32mSuccessfully compiled "resources/public/js/compiled/app.js" in 0.175 seconds.[0m
notifying browser that file changed:  resources/public/js/compiled/out/cljs_deps.js
notifying browser that file changed:  /kurssisuoritukset/core.js
[0mCompiling "resources/public/js/compiled/app.js" from ["src/cljs"]...
WARNING: Use of undeclared Var kurssisuoritukset.core/course1 at line 10 src/cljs/kurssisuoritukset/core.cljs
[32mSuccessfully compiled "resources/public/js/compiled/app.js" in 0.181 seconds.[0m
notifying browser that file changed:  resources/public/js/compiled/out/cljs_deps.js
notifying browser that file changed:  /kurssisuoritukset/core.js
[0mCompiling "resources/public/js/compiled/app.js" from ["src/cljs"]...
[32mSuccessfully compiled "resources/public/js/compiled/app.js" in 0.13 seconds.[0m
notifying browser that file changed:  /kurssisuoritukset/core.js
[0mCompiling "resources/public/js/compiled/app.js" from ["src/cljs"]...
[32mSuccessfully compiled "resources/public/js/compiled/app.js" in 0.175 seconds.[0m
notifying browser that file changed:  /kurssisuoritukset/core.js
[0mCompiling "resources/public/js/compiled/app.js" from ["src/cljs"]...
WARNING: No such namespace: r, could not locate r.cljs or r.cljc at line 4 src/cljs/kurssisuoritukset/core.cljs
WARNING: Use of undeclared Var r/atom at line 4 src/cljs/kurssisuoritukset/core.cljs
WARNING: No such namespace: r, could not locate r.cljs or r.cljc at line 22 src/cljs/kurssisuoritukset/core.cljs
WARNING: Use of undeclared Var r/render at line 22 src/cljs/kurssisuoritukset/core.cljs
[32mSuccessfully compiled "resources/public/js/compiled/app.js" in 0.276 seconds.[0m
notifying browser that file changed:  /kurssisuoritukset/core.js
[0mCompiling "resources/public/js/compiled/app.js" from ["src/cljs"]...
[32mSuccessfully compiled "resources/public/js/compiled/app.js" in 0.15 seconds.[0m
notifying browser that file changed:  /kurssisuoritukset/core.js
[0mCompiling "resources/public/js/compiled/app.js" from ["src/cljs"]...
[32mSuccessfully compiled "resources/public/js/compiled/app.js" in 0.237 seconds.[0m
notifying browser that file changed:  resources/public/js/compiled/out/cljs_deps.js
notifying browser that file changed:  /kurssisuoritukset/core.js
[0mCompiling "resources/public/js/compiled/app.js" from ["src/cljs"]...
[32mSuccessfully compiled "resources/public/js/compiled/app.js" in 0.169 seconds.[0m
notifying browser that file changed:  resources/public/js/compiled/out/cljs_deps.js
notifying browser that file changed:  /kurssisuoritukset/core.js
[0mCompiling "resources/public/js/compiled/app.js" from ["src/cljs"]...
[32mSuccessfully compiled "resources/public/js/compiled/app.js" in 0.223 seconds.[0m
notifying browser that file changed:  resources/public/js/compiled/out/cljs_deps.js
notifying browser that file changed:  /kurssisuoritukset/core.js
[0mCompiling "resources/public/js/compiled/app.js" from ["src/cljs"]...
[32mSuccessfully compiled "resources/public/js/compiled/app.js" in 0.17 seconds.[0m
notifying browser that file changed:  /kurssisuoritukset/core.js
[0mCompiling "resources/public/js/compiled/app.js" from ["src/cljs"]...
[32mSuccessfully compiled "resources/public/js/compiled/app.js" in 0.192 seconds.[0m
notifying browser that file changed:  resources/public/js/compiled/out/cljs_deps.js
notifying browser that file changed:  /kurssisuoritukset/core.js
[0mCompiling "resources/public/js/compiled/app.js" from ["src/cljs"]...
WARNING: Use of undeclared Var kurssisuoritukset.core/add-courses-component at line 26 src/cljs/kurssisuoritukset/core.cljs
[32mSuccessfully compiled "resources/public/js/compiled/app.js" in 0.239 seconds.[0m
notifying browser that file changed:  /kurssisuoritukset/core.js
[0mCompiling "resources/public/js/compiled/app.js" from ["src/cljs"]...
WARNING: Use of undeclared Var kurssisuoritukset.core/add-courses-component at line 27 src/cljs/kurssisuoritukset/core.cljs
[32mSuccessfully compiled "resources/public/js/compiled/app.js" in 0.238 seconds.[0m
notifying browser that file changed:  /kurssisuoritukset/core.js
[0mCompiling "resources/public/js/compiled/app.js" from ["src/cljs"]...
WARNING: Use of undeclared Var kurssisuoritukset.core/add-courses-component at line 27 src/cljs/kurssisuoritukset/core.cljs
[32mSuccessfully compiled "resources/public/js/compiled/app.js" in 0.233 seconds.[0m
notifying browser that file changed:  /kurssisuoritukset/core.js
[0mCompiling "resources/public/js/compiled/app.js" from ["src/cljs"]...
[32mSuccessfully compiled "resources/public/js/compiled/app.js" in 0.22 seconds.[0m
notifying browser that file changed:  /kurssisuoritukset/core.js
[0mCompiling "resources/public/js/compiled/app.js" from ["src/cljs"]...
[32mSuccessfully compiled "resources/public/js/compiled/app.js" in 0.151 seconds.[0m
notifying browser that file changed:  /kurssisuoritukset/core.js
[0mCompiling "resources/public/js/compiled/app.js" from ["src/cljs"]...
[32mSuccessfully compiled "resources/public/js/compiled/app.js" in 0.239 seconds.[0m
notifying browser that file changed:  /kurssisuoritukset/core.js
[0mCompiling "resources/public/js/compiled/app.js" from ["src/cljs"]...
[32mSuccessfully compiled "resources/public/js/compiled/app.js" in 0.16 seconds.[0m
notifying browser that file changed:  resources/public/js/compiled/out/cljs_deps.js
notifying browser that file changed:  /kurssisuoritukset/core.js
[0mCompiling "resources/public/js/compiled/app.js" from ["src/cljs"]...
[32mSuccessfully compiled "resources/public/js/compiled/app.js" in 0.175 seconds.[0m
notifying browser that file changed:  resources/public/js/compiled/out/cljs_deps.js
notifying browser that file changed:  /kurssisuoritukset/core.js
[0mCompiling "resources/public/js/compiled/app.js" from ["src/cljs"]...
[32mSuccessfully compiled "resources/public/js/compiled/app.js" in 0.228 seconds.[0m
notifying browser that file changed:  /kurssisuoritukset/core.js
[0mCompiling "resources/public/js/compiled/app.js" from ["src/cljs"]...
[32mSuccessfully compiled "resources/public/js/compiled/app.js" in 0.18 seconds.[0m
notifying browser that file changed:  /kurssisuoritukset/core.js
[0mCompiling "resources/public/js/compiled/app.js" from ["src/cljs"]...
WARNING: courses at line 6 is being replaced at line 8 src/cljs/kurssisuoritukset/core.cljs
[32mSuccessfully compiled "resources/public/js/compiled/app.js" in 0.271 seconds.[0m
notifying browser that file changed:  resources/public/js/compiled/out/cljs_deps.js
notifying browser that file changed:  /kurssisuoritukset/core.js
[0mCompiling "resources/public/js/compiled/app.js" from ["src/cljs"]...
[32mSuccessfully compiled "resources/public/js/compiled/app.js" in 0.181 seconds.[0m
notifying browser that file changed:  /kurssisuoritukset/core.js
[0mCompiling "resources/public/js/compiled/app.js" from ["src/cljs"]...
[32mSuccessfully compiled "resources/public/js/compiled/app.js" in 0.167 seconds.[0m
notifying browser that file changed:  resources/public/js/compiled/out/cljs_deps.js
notifying browser that file changed:  /kurssisuoritukset/core.js
[0mCompiling "resources/public/js/compiled/app.js" from ["src/cljs"]...
[32mSuccessfully compiled "resources/public/js/compiled/app.js" in 0.23 seconds.[0m
notifying browser that file changed:  /kurssisuoritukset/core.js
[0mCompiling "resources/public/js/compiled/app.js" from ["src/cljs"]...
[32mSuccessfully compiled "resources/public/js/compiled/app.js" in 0.19 seconds.[0m
notifying browser that file changed:  /kurssisuoritukset/core.js
[0mCompiling "resources/public/js/compiled/app.js" from ["src/cljs"]...
[32mSuccessfully compiled "resources/public/js/compiled/app.js" in 0.187 seconds.[0m
notifying browser that file changed:  /kurssisuoritukset/core.js
[0mCompiling "resources/public/js/compiled/app.js" from ["src/cljs"]...
[32mSuccessfully compiled "resources/public/js/compiled/app.js" in 0.206 seconds.[0m
notifying browser that file changed:  /kurssisuoritukset/core.js
[0mCompiling "resources/public/js/compiled/app.js" from ["src/cljs"]...
[32mSuccessfully compiled "resources/public/js/compiled/app.js" in 0.193 seconds.[0m
notifying browser that file changed:  /kurssisuoritukset/core.js
[0mCompiling "resources/public/js/compiled/app.js" from ["src/cljs"]...
[32mSuccessfully compiled "resources/public/js/compiled/app.js" in 0.169 seconds.[0m
notifying browser that file changed:  /kurssisuoritukset/core.js
[0mCompiling "resources/public/js/compiled/app.js" from ["src/cljs"]...
[32mSuccessfully compiled "resources/public/js/compiled/app.js" in 0.204 seconds.[0m
notifying browser that file changed:  /kurssisuoritukset/core.js
[0mCompiling "resources/public/js/compiled/app.js" from ["src/cljs"]...
[32mSuccessfully compiled "resources/public/js/compiled/app.js" in 0.217 seconds.[0m
notifying browser that file changed:  /kurssisuoritukset/core.js
[0mCompiling "resources/public/js/compiled/app.js" from ["src/cljs"]...
[32mSuccessfully compiled "resources/public/js/compiled/app.js" in 0.263 seconds.[0m
notifying browser that file changed:  /kurssisuoritukset/core.js
[0mCompiling "resources/public/js/compiled/app.js" from ["src/cljs"]...
[32mSuccessfully compiled "resources/public/js/compiled/app.js" in 0.232 seconds.[0m
notifying browser that file changed:  /kurssisuoritukset/core.js
Figwheel: focusing on build-ids (dev)
[0mCompiling "resources/public/js/compiled/app.js" from ["src/cljs"]...
[32mSuccessfully compiled "resources/public/js/compiled/app.js" in 0.238 seconds.[0m
notifying browser that file changed:  resources/public/js/compiled/out/goog/deps.js
notifying browser that file changed:  resources/public/js/compiled/out/cljs_deps.js
notifying browser that file changed:  /kurssisuoritukset/core.js
[0mCompiling "resources/public/js/compiled/app.js" from ["src/cljs"]...
[32mSuccessfully compiled "resources/public/js/compiled/app.js" in 0.61 seconds.[0m
notifying browser that file changed:  /kurssisuoritukset/core.js
[0mCompiling "resources/public/js/compiled/app.js" from ["src/cljs"]...
[32mSuccessfully compiled "resources/public/js/compiled/app.js" in 0.295 seconds.[0m
notifying browser that file changed:  /kurssisuoritukset/core.js
[0mCompiling "resources/public/js/compiled/app.js" from ["src/cljs"]...
[32mSuccessfully compiled "resources/public/js/compiled/app.js" in 0.253 seconds.[0m
notifying browser that file changed:  /kurssisuoritukset/core.js
[0mCompiling "resources/public/js/compiled/app.js" from ["src/cljs"]...
[32mSuccessfully compiled "resources/public/js/compiled/app.js" in 0.249 seconds.[0m
notifying browser that file changed:  /kurssisuoritukset/core.js
[0mCompiling "resources/public/js/compiled/app.js" from ["src/cljs"]...
[32mSuccessfully compiled "resources/public/js/compiled/app.js" in 0.243 seconds.[0m
notifying browser that file changed:  /kurssisuoritukset/core.js
[0mCompiling "resources/public/js/compiled/app.js" from ["src/cljs"]...
WARNING: Use of undeclared Var kurssisuoritukset.core/courses at line 11 src/cljs/kurssisuoritukset/core.cljs
[32mSuccessfully compiled "resources/public/js/compiled/app.js" in 0.302 seconds.[0m
notifying browser that file changed:  /kurssisuoritukset/core.js
[0mCompiling "resources/public/js/compiled/app.js" from ["src/cljs"]...
WARNING: Use of undeclared Var kurssisuoritukset.core/courses at line 12 src/cljs/kurssisuoritukset/core.cljs
[32mSuccessfully compiled "resources/public/js/compiled/app.js" in 0.351 seconds.[0m
notifying browser that file changed:  /kurssisuoritukset/core.js
[0mCompiling "resources/public/js/compiled/app.js" from ["src/cljs"]...
WARNING: Use of undeclared Var kurssisuoritukset.core/coursesA at line 12 src/cljs/kurssisuoritukset/core.cljs
[32mSuccessfully compiled "resources/public/js/compiled/app.js" in 0.283 seconds.[0m
notifying browser that file changed:  /kurssisuoritukset/core.js
[0mCompiling "resources/public/js/compiled/app.js" from ["src/cljs"]...
[32mSuccessfully compiled "resources/public/js/compiled/app.js" in 0.247 seconds.[0m
notifying browser that file changed:  /kurssisuoritukset/core.js
[0mCompiling "resources/public/js/compiled/app.js" from ["src/cljs"]...
[32mSuccessfully compiled "resources/public/js/compiled/app.js" in 0.207 seconds.[0m
notifying browser that file changed:  /kurssisuoritukset/core.js
[0mCompiling "resources/public/js/compiled/app.js" from ["src/cljs"]...
[32mSuccessfully compiled "resources/public/js/compiled/app.js" in 0.192 seconds.[0m
notifying browser that file changed:  resources/public/js/compiled/out/cljs_deps.js
notifying browser that file changed:  /kurssisuoritukset/core.js
[0mCompiling "resources/public/js/compiled/app.js" from ["src/cljs"]...
[32mSuccessfully compiled "resources/public/js/compiled/app.js" in 0.244 seconds.[0m
notifying browser that file changed:  resources/public/js/compiled/out/cljs_deps.js
notifying browser that file changed:  /kurssisuoritukset/core.js
[0mCompiling "resources/public/js/compiled/app.js" from ["src/cljs"]...
[32mSuccessfully compiled "resources/public/js/compiled/app.js" in 0.22 seconds.[0m
notifying browser that file changed:  /kurssisuoritukset/core.js
[0mCompiling "resources/public/js/compiled/app.js" from ["src/cljs"]...
[32mSuccessfully compiled "resources/public/js/compiled/app.js" in 0.203 seconds.[0m
notifying browser that file changed:  /kurssisuoritukset/core.js
[0mCompiling "resources/public/js/compiled/app.js" from ["src/cljs"]...
[32mSuccessfully compiled "resources/public/js/compiled/app.js" in 0.22 seconds.[0m
notifying browser that file changed:  /kurssisuoritukset/core.js
[0mCompiling "resources/public/js/compiled/app.js" from ["src/cljs"]...
[32mSuccessfully compiled "resources/public/js/compiled/app.js" in 0.193 seconds.[0m
notifying browser that file changed:  /kurssisuoritukset/core.js
[0mCompiling "resources/public/js/compiled/app.js" from ["src/cljs"]...
[32mSuccessfully compiled "resources/public/js/compiled/app.js" in 0.254 seconds.[0m
notifying browser that file changed:  resources/public/js/compiled/out/cljs_deps.js
notifying browser that file changed:  /kurssisuoritukset/core.js
[0mCompiling "resources/public/js/compiled/app.js" from ["src/cljs"]...
[32mSuccessfully compiled "resources/public/js/compiled/app.js" in 0.189 seconds.[0m
notifying browser that file changed:  resources/public/js/compiled/out/cljs_deps.js
notifying browser that file changed:  /kurssisuoritukset/core.js
[0mCompiling "resources/public/js/compiled/app.js" from ["src/cljs"]...
[31mCompiling "resources/public/js/compiled/app.js" failed.[0m
clojure.lang.ExceptionInfo: failed compiling file:src/cljs/kurssisuoritukset/core.cljs
 at clojure.core$ex_info.invoke (core.clj:4403)
    cljs.compiler$compile_file$fn__3100.invoke (compiler.clj:1142)
    cljs.compiler$compile_file.invoke (compiler.clj:1105)
    cljs.compiler$compile_root.invoke (compiler.clj:1177)
    cljs.closure$compile_dir.invoke (closure.clj:378)
    cljs.closure$eval3516$fn__3517.invoke (closure.clj:418)
    cljs.closure$eval3452$fn__3453$G__3443__3460.invoke (closure.clj:325)
    cljs.closure$eval3503$fn__3504.invoke (closure.clj:432)
    cljs.closure$eval3452$fn__3453$G__3443__3460.invoke (closure.clj:325)
    clojurescript_build.core.CompilableSourcePaths/fn (core.clj:19)
    clojure.core$map$fn__4245.invoke (core.clj:2557)
    clojure.lang.LazySeq.sval (LazySeq.java:40)
    clojure.lang.LazySeq.seq (LazySeq.java:49)
    clojure.lang.RT.seq (RT.java:484)
    clojure.core$seq.invoke (core.clj:133)
    clojure.core$apply.invoke (core.clj:624)
    clojure.core$mapcat.doInvoke (core.clj:2586)
    clojure.lang.RestFn.invoke (RestFn.java:423)
    clojurescript_build.core.CompilableSourcePaths._compile (core.clj:19)
    cljs.closure$build.invoke (closure.clj:1446)
    clojurescript_build.core$build_source_paths_STAR_.invoke (core.clj:153)
    figwheel_sidecar.auto_builder$default_build_options$fn__17625.invoke (auto_builder.clj:78)
    figwheel_sidecar.auto_builder$insert_figwheel_connect_script$fn__17658.invoke (auto_builder.clj:179)
    figwheel_sidecar.auto_builder$warning$fn__17622.invoke (auto_builder.clj:73)
    clojurescript_build.auto$time_build$fn__17418.invoke (auto.clj:55)
    clojurescript_build.auto$after$fn__17424.invoke (auto.clj:64)
    clojurescript_build.auto$after$fn__17424.invoke (auto.clj:64)
    clojurescript_build.auto$after$fn__17424.invoke (auto.clj:64)
    clojurescript_build.auto$error$fn__17427.invoke (auto.clj:71)
    clojurescript_build.auto$before$fn__17421.invoke (auto.clj:60)
[0mCompiling "resources/public/js/compiled/app.js" from ["src/cljs"]...
[32mSuccessfully compiled "resources/public/js/compiled/app.js" in 0.24 seconds.[0m
notifying browser that file changed:  /kurssisuoritukset/core.js
[0mCompiling "resources/public/js/compiled/app.js" from ["src/cljs"]...
[32mSuccessfully compiled "resources/public/js/compiled/app.js" in 0.178 seconds.[0m
notifying browser that file changed:  /kurssisuoritukset/core.js
[0mCompiling "resources/public/js/compiled/app.js" from ["src/cljs"]...
[32mSuccessfully compiled "resources/public/js/compiled/app.js" in 0.218 seconds.[0m
notifying browser that file changed:  /kurssisuoritukset/core.js
[0mCompiling "resources/public/js/compiled/app.js" from ["src/cljs"]...
WARNING: Use of undeclared Var kurssisuoritukset.core/app-state at line 37 src/cljs/kurssisuoritukset/core.cljs
[32mSuccessfully compiled "resources/public/js/compiled/app.js" in 0.21 seconds.[0m
notifying browser that file changed:  resources/public/js/compiled/out/cljs_deps.js
notifying browser that file changed:  /kurssisuoritukset/core.js
[0mCompiling "resources/public/js/compiled/app.js" from ["src/cljs"]...
WARNING: Use of undeclared Var kurssisuoritukset.core/app-state at line 37 src/cljs/kurssisuoritukset/core.cljs
[32mSuccessfully compiled "resources/public/js/compiled/app.js" in 0.198 seconds.[0m
notifying browser that file changed:  resources/public/js/compiled/out/cljs_deps.js
notifying browser that file changed:  /kurssisuoritukset/core.js
[0mCompiling "resources/public/js/compiled/app.js" from ["src/cljs"]...
[32mSuccessfully compiled "resources/public/js/compiled/app.js" in 0.18 seconds.[0m
notifying browser that file changed:  /kurssisuoritukset/core.js
[0mCompiling "resources/public/js/compiled/app.js" from ["src/cljs"]...
[32mSuccessfully compiled "resources/public/js/compiled/app.js" in 0.195 seconds.[0m
notifying browser that file changed:  resources/public/js/compiled/out/cljs_deps.js
notifying browser that file changed:  /kurssisuoritukset/core.js
